<?xml version="1.0" encoding="UTF-8"?>
<!-- Generated by org.testng.reporters.JUnitXMLReporter -->
<testsuite hostname="kartikey" ignored="0" name="Default test" tests="4" failures="0" timestamp="06 Jul 2019 07:33:09 GMT" time="0.058" errors="0">
  <testcase name="f1" time="0.005" classname="TestNG.AnnotationClass"/>
  <testcase name="f2" time="0.005" classname="TestNG.AnnotationClass"/>
  <testcase name="f3" time="0.002" classname="TestNG.AnnotationClass"/>
  <testcase name="f4" time="0.002" classname="TestNG.AnnotationClass"/>
</testsuite> <!-- Default test -->
