<?xml version="1.0" encoding="UTF-8"?>
<testng-results skipped="0" failed="0" ignored="0" total="4" passed="4">
  <reporter-output>
  </reporter-output>
  <suite name="Default suite" duration-ms="58" started-at="2019-07-06T07:33:09Z" finished-at="2019-07-06T07:33:09Z">
    <groups>
    </groups>
    <test name="Default test" duration-ms="58" started-at="2019-07-06T07:33:09Z" finished-at="2019-07-06T07:33:09Z">
      <class name="TestNG.AnnotationClass">
        <test-method status="PASS" signature="BeforeEveryTest()[pri:0, instance:TestNG.AnnotationClass@3a82f6ef]" name="BeforeEveryTest" is-config="true" duration-ms="9" started-at="2019-07-06T07:33:09Z" finished-at="2019-07-06T07:33:09Z">
          <reporter-output>
          </reporter-output>
        </test-method> <!-- BeforeEveryTest -->
        <test-method status="PASS" signature="BeforeEveryMethod()[pri:0, instance:TestNG.AnnotationClass@3a82f6ef]" name="BeforeEveryMethod" is-config="true" duration-ms="1" started-at="2019-07-06T07:33:09Z" finished-at="2019-07-06T07:33:09Z">
          <reporter-output>
          </reporter-output>
        </test-method> <!-- BeforeEveryMethod -->
        <test-method status="PASS" signature="f1()[pri:0, instance:TestNG.AnnotationClass@3a82f6ef]" name="f1" duration-ms="5" started-at="2019-07-06T07:33:09Z" finished-at="2019-07-06T07:33:09Z">
          <reporter-output>
          </reporter-output>
        </test-method> <!-- f1 -->
        <test-method status="PASS" signature="AfterEveryMethod()[pri:0, instance:TestNG.AnnotationClass@3a82f6ef]" name="AfterEveryMethod" is-config="true" duration-ms="1" started-at="2019-07-06T07:33:09Z" finished-at="2019-07-06T07:33:09Z">
          <reporter-output>
          </reporter-output>
        </test-method> <!-- AfterEveryMethod -->
        <test-method status="PASS" signature="BeforeEveryMethod()[pri:0, instance:TestNG.AnnotationClass@3a82f6ef]" name="BeforeEveryMethod" is-config="true" duration-ms="0" started-at="2019-07-06T07:33:09Z" finished-at="2019-07-06T07:33:09Z">
          <reporter-output>
          </reporter-output>
        </test-method> <!-- BeforeEveryMethod -->
        <test-method status="PASS" signature="f2()[pri:0, instance:TestNG.AnnotationClass@3a82f6ef]" name="f2" duration-ms="5" started-at="2019-07-06T07:33:09Z" finished-at="2019-07-06T07:33:09Z">
          <reporter-output>
          </reporter-output>
        </test-method> <!-- f2 -->
        <test-method status="PASS" signature="AfterEveryMethod()[pri:0, instance:TestNG.AnnotationClass@3a82f6ef]" name="AfterEveryMethod" is-config="true" duration-ms="2" started-at="2019-07-06T07:33:09Z" finished-at="2019-07-06T07:33:09Z">
          <reporter-output>
          </reporter-output>
        </test-method> <!-- AfterEveryMethod -->
        <test-method status="PASS" signature="f3()[pri:0, instance:TestNG.AnnotationClass@3a82f6ef]" name="f3" duration-ms="2" started-at="2019-07-06T07:33:09Z" finished-at="2019-07-06T07:33:09Z">
          <reporter-output>
          </reporter-output>
        </test-method> <!-- f3 -->
        <test-method status="PASS" signature="BeforeEveryMethod()[pri:0, instance:TestNG.AnnotationClass@3a82f6ef]" name="BeforeEveryMethod" is-config="true" duration-ms="0" started-at="2019-07-06T07:33:09Z" finished-at="2019-07-06T07:33:09Z">
          <reporter-output>
          </reporter-output>
        </test-method> <!-- BeforeEveryMethod -->
        <test-method status="PASS" signature="AfterEveryMethod()[pri:0, instance:TestNG.AnnotationClass@3a82f6ef]" name="AfterEveryMethod" is-config="true" duration-ms="0" started-at="2019-07-06T07:33:09Z" finished-at="2019-07-06T07:33:09Z">
          <reporter-output>
          </reporter-output>
        </test-method> <!-- AfterEveryMethod -->
        <test-method status="PASS" signature="BeforeEveryMethod()[pri:0, instance:TestNG.AnnotationClass@3a82f6ef]" name="BeforeEveryMethod" is-config="true" duration-ms="0" started-at="2019-07-06T07:33:09Z" finished-at="2019-07-06T07:33:09Z">
          <reporter-output>
          </reporter-output>
        </test-method> <!-- BeforeEveryMethod -->
        <test-method status="PASS" signature="f4()[pri:0, instance:TestNG.AnnotationClass@3a82f6ef]" name="f4" duration-ms="2" started-at="2019-07-06T07:33:09Z" finished-at="2019-07-06T07:33:09Z">
          <reporter-output>
          </reporter-output>
        </test-method> <!-- f4 -->
        <test-method status="PASS" signature="AfterEveryMethod()[pri:0, instance:TestNG.AnnotationClass@3a82f6ef]" name="AfterEveryMethod" is-config="true" duration-ms="0" started-at="2019-07-06T07:33:09Z" finished-at="2019-07-06T07:33:09Z">
          <reporter-output>
          </reporter-output>
        </test-method> <!-- AfterEveryMethod -->
        <test-method status="PASS" signature="afterAllTest()[pri:0, instance:TestNG.AnnotationClass@3a82f6ef]" name="afterAllTest" is-config="true" duration-ms="0" started-at="2019-07-06T07:33:09Z" finished-at="2019-07-06T07:33:09Z">
          <reporter-output>
          </reporter-output>
        </test-method> <!-- afterAllTest -->
      </class> <!-- TestNG.AnnotationClass -->
    </test> <!-- Default test -->
  </suite> <!-- Default suite -->
</testng-results>
